<?xml version="1.0" encoding="UTF-8"?>
<!-- Generated by org.testng.reporters.JUnitReportReporter -->
<testsuite hostname="DESKTOP-HOQ4F9L" failures="0" tests="2" name="tests.LoginTest" time="58.747" errors="0" timestamp="2022-08-18T11:01:35 IST" skipped="0">
  <testcase classname="tests.LoginTest" name="login" time="32.917"/>
  <system-out/>
  <testcase classname="tests.LoginTest" name="login" time="25.830"/>
  <system-out/>
</testsuite> <!-- tests.LoginTest -->
