<?xml version="1.0" encoding="UTF-8"?>
<!-- Generated by org.testng.reporters.JUnitReportReporter -->
<testsuite hostname="DESKTOP-HOQ4F9L" failures="0" tests="1" name="tests.OneTest" time="34.289" errors="0" timestamp="2022-08-18T11:01:35 IST" skipped="0">
  <testcase classname="tests.OneTest" name="oneTest" time="34.289"/>
  <system-out/>
</testsuite> <!-- tests.OneTest -->
