<?xml version="1.0" encoding="UTF-8"?>
<!-- Generated by org.testng.reporters.JUnitReportReporter -->
<testsuite hostname="DESKTOP-HOQ4F9L" failures="0" tests="1" name="runner.Runner" time="10.453" errors="0" timestamp="2022-08-18T13:23:11 IST" skipped="0">
  <testcase classname="runner.Runner" name="runScenario" time="10.453"/>
  <system-out/>
</testsuite> <!-- runner.Runner -->
