<?xml version="1.0" encoding="UTF-8"?>
<!-- Generated by org.testng.reporters.JUnitReportReporter -->
<testsuite hostname="DESKTOP-HOQ4F9L" failures="0" tests="1" name="tests.ThreeTest" time="33.485" errors="0" timestamp="2022-08-18T11:04:59 IST" skipped="0">
  <testcase classname="tests.ThreeTest" name="threeTest" time="33.485"/>
  <system-out/>
</testsuite> <!-- tests.ThreeTest -->
