<?xml version="1.0" encoding="UTF-8"?>
<!-- Generated by org.testng.reporters.JUnitReportReporter -->
<testsuite hostname="DESKTOP-HOQ4F9L" failures="0" tests="2" name="tests.LoginTest" time="70.068" errors="0" timestamp="2022-08-18T11:04:59 IST" skipped="0">
  <testcase classname="tests.LoginTest" name="login" time="48.948"/>
  <system-out/>
  <testcase classname="tests.LoginTest" name="login" time="21.120"/>
  <system-out/>
</testsuite> <!-- tests.LoginTest -->
